TN:
SF:src\lib\api.ts
FN:9,(anonymous_7)
FN:13,(anonymous_8)
FN:13,(anonymous_9)
FN:34,(anonymous_10)
FN:46,(anonymous_11)
FN:59,(anonymous_13)
FN:72,(anonymous_15)
FN:76,(anonymous_17)
FN:80,(anonymous_19)
FN:87,(anonymous_21)
FN:92,(anonymous_22)
FN:96,(anonymous_24)
FN:100,(anonymous_26)
FN:113,(anonymous_28)
FN:124,(anonymous_29)
FN:128,(anonymous_31)
FN:135,(anonymous_33)
FN:141,(anonymous_35)
FN:147,(anonymous_37)
FN:152,(anonymous_39)
FN:157,(anonymous_41)
FN:162,(anonymous_43)
FN:166,(anonymous_45)
FN:170,(anonymous_47)
FN:174,(anonymous_49)
FN:178,(anonymous_51)
FN:184,(anonymous_53)
FN:188,(anonymous_55)
FN:192,(anonymous_57)
FN:199,(anonymous_59)
FN:205,(anonymous_61)
FN:209,(anonymous_63)
FN:217,(anonymous_65)
FN:224,(anonymous_67)
FN:231,(anonymous_69)
FN:238,(anonymous_71)
FN:245,(anonymous_73)
FN:252,(anonymous_75)
FN:259,(anonymous_77)
FN:266,(anonymous_79)
FN:273,(anonymous_81)
FN:279,(anonymous_83)
FN:294,(anonymous_85)
FNF:43
FNH:0
FNDA:0,(anonymous_7)
FNDA:0,(anonymous_8)
FNDA:0,(anonymous_9)
FNDA:0,(anonymous_10)
FNDA:0,(anonymous_11)
FNDA:0,(anonymous_13)
FNDA:0,(anonymous_15)
FNDA:0,(anonymous_17)
FNDA:0,(anonymous_19)
FNDA:0,(anonymous_21)
FNDA:0,(anonymous_22)
FNDA:0,(anonymous_24)
FNDA:0,(anonymous_26)
FNDA:0,(anonymous_28)
FNDA:0,(anonymous_29)
FNDA:0,(anonymous_31)
FNDA:0,(anonymous_33)
FNDA:0,(anonymous_35)
FNDA:0,(anonymous_37)
FNDA:0,(anonymous_39)
FNDA:0,(anonymous_41)
FNDA:0,(anonymous_43)
FNDA:0,(anonymous_45)
FNDA:0,(anonymous_47)
FNDA:0,(anonymous_49)
FNDA:0,(anonymous_51)
FNDA:0,(anonymous_53)
FNDA:0,(anonymous_55)
FNDA:0,(anonymous_57)
FNDA:0,(anonymous_59)
FNDA:0,(anonymous_61)
FNDA:0,(anonymous_63)
FNDA:0,(anonymous_65)
FNDA:0,(anonymous_67)
FNDA:0,(anonymous_69)
FNDA:0,(anonymous_71)
FNDA:0,(anonymous_73)
FNDA:0,(anonymous_75)
FNDA:0,(anonymous_77)
FNDA:0,(anonymous_79)
FNDA:0,(anonymous_81)
FNDA:0,(anonymous_83)
FNDA:0,(anonymous_85)
DA:2,0
DA:4,0
DA:10,0
DA:13,0
DA:14,0
DA:16,0
DA:25,0
DA:26,0
DA:27,0
DA:30,0
DA:31,0
DA:33,0
DA:34,0
DA:35,0
DA:38,0
DA:40,0
DA:41,0
DA:47,0
DA:52,0
DA:53,0
DA:56,0
DA:60,0
DA:65,0
DA:66,0
DA:69,0
DA:73,0
DA:77,0
DA:81,0
DA:88,0
DA:93,0
DA:97,0
DA:111,0
DA:113,0
DA:114,0
DA:115,0
DA:119,0
DA:120,0
DA:125,0
DA:129,0
DA:136,0
DA:142,0
DA:148,0
DA:153,0
DA:154,0
DA:158,0
DA:163,0
DA:167,0
DA:171,0
DA:175,0
DA:179,0
DA:180,0
DA:185,0
DA:189,0
DA:193,0
DA:200,0
DA:206,0
DA:210,0
DA:218,0
DA:225,0
DA:232,0
DA:239,0
DA:246,0
DA:253,0
DA:260,0
DA:267,0
DA:274,0
DA:280,0
DA:281,0
DA:282,0
DA:283,0
DA:285,0
DA:286,0
DA:291,0
DA:294,0
DA:295,0
DA:296,0
DA:299,0
LF:77
LH:0
BRDA:13,0,0,0
BRDA:26,1,0,0
BRDA:26,1,1,0
BRDA:33,2,0,0
BRDA:33,2,1,0
BRDA:35,3,0,0
BRDA:35,3,1,0
BRDA:52,4,0,0
BRDA:52,4,1,0
BRDA:65,5,0,0
BRDA:65,5,1,0
BRDA:114,6,0,0
BRDA:114,6,1,0
BRDA:114,7,0,0
BRDA:114,7,1,0
BRDA:114,7,2,0
BRDA:120,8,0,0
BRDA:120,8,1,0
BRDA:153,9,0,0
BRDA:153,9,1,0
BRDA:179,10,0,0
BRDA:179,10,1,0
BRDA:281,11,0,0
BRDA:281,11,1,0
BRDA:281,12,0,0
BRDA:281,12,1,0
BRDA:281,13,0,0
BRDA:281,13,1,0
BRDA:282,14,0,0
BRDA:282,14,1,0
BRDA:282,15,0,0
BRDA:282,15,1,0
BRDA:282,16,0,0
BRDA:282,16,1,0
BRDA:283,17,0,0
BRDA:283,17,1,0
BRDA:283,18,0,0
BRDA:283,18,1,0
BRDA:283,19,0,0
BRDA:283,19,1,0
BRDA:286,20,0,0
BRDA:286,20,1,0
BRF:42
BRH:0
end_of_record
TN:
SF:src\lib\booking.ts
FN:9,(anonymous_0)
FN:25,(anonymous_1)
FN:34,(anonymous_2)
FN:43,(anonymous_3)
FN:58,(anonymous_4)
FN:82,(anonymous_5)
FNF:6
FNH:4
FNDA:8,(anonymous_0)
FNDA:8,(anonymous_1)
FNDA:12,(anonymous_2)
FNDA:8,(anonymous_3)
FNDA:0,(anonymous_4)
FNDA:0,(anonymous_5)
DA:9,3
DA:10,8
DA:11,1
DA:13,7
DA:14,1
DA:16,6
DA:25,3
DA:29,8
DA:30,1
DA:34,12
DA:35,7
DA:43,3
DA:44,8
DA:45,1
DA:48,7
DA:49,7
DA:50,7
DA:58,3
DA:63,0
DA:64,0
DA:67,0
DA:82,3
DA:86,0
DA:87,0
DA:89,0
DA:90,0
LF:26
LH:19
BRDA:10,0,0,1
BRDA:10,0,1,7
BRDA:10,1,0,8
BRDA:10,1,1,8
BRDA:13,2,0,1
BRDA:13,2,1,6
BRDA:29,3,0,1
BRDA:29,3,1,7
BRDA:29,4,0,8
BRDA:29,4,1,8
BRDA:44,5,0,1
BRDA:44,5,1,7
BRDA:63,6,0,0
BRDA:63,6,1,0
BRDA:68,7,0,0
BRDA:68,7,1,0
BRDA:68,7,2,0
BRDA:68,7,3,0
BRDA:68,7,4,0
BRDA:86,8,0,0
BRDA:86,8,1,0
BRDA:89,9,0,0
BRDA:89,9,1,0
BRF:23
BRH:12
end_of_record
TN:
SF:src\lib\currency.ts
FN:5,(anonymous_0)
FN:18,(anonymous_1)
FN:30,(anonymous_2)
FNF:3
FNH:3
FNDA:8,(anonymous_0)
FNDA:8,(anonymous_1)
FNDA:8,(anonymous_2)
DA:5,3
DA:6,8
DA:8,6
DA:9,3
DA:11,3
DA:14,2
DA:18,3
DA:19,8
DA:20,6
DA:22,2
DA:27,3
DA:28,3
DA:30,3
DA:31,8
DA:33,7
DA:34,4
DA:36,3
LF:17
LH:17
BRDA:5,0,0,0
BRDA:6,1,0,6
BRDA:6,1,1,2
BRDA:8,2,0,3
BRDA:8,2,1,3
BRDA:18,3,0,0
BRDA:19,4,0,6
BRDA:19,4,1,2
BRDA:31,5,0,1
BRDA:31,5,1,7
BRDA:33,6,0,4
BRDA:33,6,1,3
BRDA:33,7,0,7
BRDA:33,7,1,4
BRF:14
BRH:12
end_of_record
TN:
SF:src\lib\dateUtils.ts
FN:8,(anonymous_0)
FN:21,(anonymous_1)
FN:33,(anonymous_2)
FN:45,(anonymous_3)
FN:75,(anonymous_4)
FNF:5
FNH:3
FNDA:8,(anonymous_0)
FNDA:8,(anonymous_1)
FNDA:0,(anonymous_2)
FNDA:8,(anonymous_3)
FNDA:0,(anonymous_4)
DA:8,3
DA:9,8
DA:21,3
DA:22,8
DA:33,3
DA:34,0
DA:35,0
DA:45,3
DA:47,8
DA:48,1
DA:52,7
DA:53,0
DA:57,7
DA:58,1
DA:62,6
DA:63,6
DA:64,0
DA:67,6
DA:75,3
DA:76,0
DA:77,0
LF:21
LH:15
BRDA:34,0,0,0
BRDA:34,0,1,0
BRDA:47,1,0,1
BRDA:47,1,1,7
BRDA:47,2,0,8
BRDA:47,2,1,8
BRDA:52,3,0,0
BRDA:52,3,1,7
BRDA:52,4,0,7
BRDA:52,4,1,7
BRDA:57,5,0,1
BRDA:57,5,1,6
BRDA:57,6,0,7
BRDA:57,6,1,7
BRDA:63,7,0,0
BRDA:63,7,1,6
BRDA:76,8,0,0
BRDA:76,8,1,0
BRF:18
BRH:12
end_of_record
TN:
SF:src\lib\i18n.ts
FN:162,(anonymous_0)
FNF:1
FNH:0
FNDA:0,(anonymous_0)
DA:57,0
DA:162,0
DA:163,0
DA:166,0
LF:4
LH:0
BRDA:162,0,0,0
BRDA:163,1,0,0
BRDA:163,1,1,0
BRF:3
BRH:0
end_of_record
TN:
SF:src\lib\types.ts
FN:2,(anonymous_0)
FNF:1
FNH:0
FNDA:0,(anonymous_0)
DA:2,0
DA:3,0
DA:4,0
LF:3
LH:0
BRDA:2,0,0,0
BRDA:2,0,1,0
BRF:2
BRH:0
end_of_record
TN:
SF:src\lib\utils.ts
FN:4,cn
FNF:1
FNH:0
FNDA:0,cn
DA:1,0
DA:2,0
DA:4,0
DA:5,0
LF:4
LH:0
BRF:0
BRH:0
end_of_record
TN:
SF:src\lib\validation.ts
FN:8,(anonymous_0)
FN:21,(anonymous_1)
FN:34,(anonymous_2)
FN:48,(anonymous_3)
FN:67,(anonymous_4)
FNF:5
FNH:3
FNDA:8,(anonymous_0)
FNDA:8,(anonymous_1)
FNDA:0,(anonymous_2)
FNDA:8,(anonymous_3)
FNDA:0,(anonymous_4)
DA:8,3
DA:9,8
DA:10,2
DA:12,6
DA:13,6
DA:21,3
DA:22,8
DA:23,1
DA:26,7
DA:34,3
DA:35,0
DA:36,0
DA:39,0
DA:40,0
DA:48,3
DA:49,8
DA:50,1
DA:53,7
DA:67,3
DA:68,0
DA:69,0
DA:72,0
DA:73,0
LF:23
LH:15
BRDA:9,0,0,2
BRDA:9,0,1,6
BRDA:9,1,0,8
BRDA:9,1,1,7
BRDA:22,2,0,1
BRDA:22,2,1,7
BRDA:35,3,0,0
BRDA:35,3,1,0
BRDA:35,4,0,0
BRDA:35,4,1,0
BRDA:49,5,0,1
BRDA:49,5,1,7
BRDA:68,6,0,0
BRDA:68,6,1,0
BRF:14
BRH:8
end_of_record
